<?xml version="1.0" encoding="UTF-8"?>
<!-- Generated by org.testng.reporters.JUnitReportReporter -->
<testsuite skipped="0" hostname="Supto" name="ui.LoginTest" tests="3" failures="0" timestamp="2022-02-18T00:12:05 BDT" time="0.000" errors="0">
  <testcase name="csignupTest" time="0.000" classname="ui.LoginTest"/>
  <system-out/>
  <testcase name="bloginTest" time="0.000" classname="ui.LoginTest"/>
  <system-out/>
  <testcase name="alogoutTest" time="0.000" classname="ui.LoginTest"/>
  <system-out/>
</testsuite> <!-- ui.LoginTest -->
