<?xml version="1.0" encoding="UTF-8"?>
<!-- Generated by org.testng.reporters.JUnitReportReporter -->
<testsuite skipped="0" hostname="Supto" name="ui.VerifyTitleTest" tests="1" failures="0" timestamp="2022-02-18T00:12:05 BDT" time="12.863" errors="0">
  <testcase name="titleTest" time="12.863" classname="ui.VerifyTitleTest"/>
  <system-out/>
</testsuite> <!-- ui.VerifyTitleTest -->
